07/03/2023 18:02:12 - root - INFO - Client entered value None
07/03/2023 18:04:02 - root - INFO - Client entered value 55
07/03/2023 18:06:17 - root - INFO - Client entered value 33
07/03/2023 18:07:46 - root - INFO - Client entered value 22
07/03/2023 18:08:44 - root - INFO - Client entered value 7
07/03/2023 18:42:18 - root - WARNING - Client trying to break our code. Entered bad value, o tried to paste or copy in our program.
07/03/2023 18:43:45 - root - WARNING - Client trying to break our code. Entered bad value, o tried to paste or copy in our program.
07/03/2023 18:52:21 - root - WARNING - Client trying to break our code. Entered bad value, o tried to paste or copy in our program.
07/03/2023 18:52:21 - root - INFO - Please select defined value
07/03/2023 18:52:24 - root - WARNING - Client trying to break our code. Entered bad value, o tried to paste or copy in our program.
07/03/2023 18:52:24 - root - INFO - Please select defined value
07/03/2023 18:58:50 - root - WARNING - Client trying to break our code. Entered bad value, o tried to paste or copy in our program.
07/03/2023 18:58:50 - root - INFO - Please select defined value
07/03/2023 18:58:51 - root - WARNING - Client trying to break our code. Entered bad value, o tried to paste or copy in our program.
07/03/2023 18:58:51 - root - INFO - Please select defined value
07/03/2023 18:59:46 - root - WARNING - Client trying to break our code. Entered bad value, o tried to paste or copy in our program.
07/03/2023 18:59:46 - root - INFO - Please select defined value
07/03/2023 18:59:47 - root - WARNING - Client trying to break our code. Entered bad value, o tried to paste or copy in our program.
07/03/2023 18:59:47 - root - INFO - Please select defined value
07/03/2023 18:59:49 - root - WARNING - Client trying to break our code. Entered bad value, o tried to paste or copy in our program.
07/03/2023 18:59:49 - root - INFO - Please select defined value
07/03/2023 18:59:54 - root - WARNING - Client trying to break our code. Entered bad value, o tried to paste or copy in our program.
07/03/2023 18:59:54 - root - INFO - Please select defined value
07/03/2023 19:00:03 - root - WARNING - Client trying to break our code. Entered bad value, o tried to paste or copy in our program.
07/03/2023 19:01:41 - root - WARNING - Client trying to break our code. Entered bad value, o tried to paste or copy in our program.
07/03/2023 19:02:24 - root - WARNING - Client trying to break our code. Entered bad value, o tried to paste or copy in our program.
07/03/2023 19:02:33 - root - INFO - Client enter <class 'int'>
07/03/2023 19:02:39 - root - WARNING - Client trying to break our code. Entered bad value, o tried to paste or copy in our program.
07/03/2023 19:02:59 - root - WARNING - Client trying to break our code. Entered bad value, o tried to paste or copy in our program.
07/03/2023 19:03:28 - root - WARNING - Client trying to break our code. Entered bad value, o tried to paste or copy in our program.
07/03/2023 19:03:38 - root - WARNING - Client trying to break our code. Entered bad value, o tried to paste or copy in our program.
07/03/2023 19:03:39 - root - WARNING - Client trying to break our code. Entered bad value, o tried to paste or copy in our program.
07/03/2023 19:03:40 - root - WARNING - Client trying to break our code. Entered bad value, o tried to paste or copy in our program.
07/03/2023 19:03:40 - root - WARNING - Client trying to break our code. Entered bad value, o tried to paste or copy in our program.
07/03/2023 19:03:44 - root - WARNING - Client trying to break our code. Entered bad value, o tried to paste or copy in our program.
07/03/2023 19:03:47 - root - WARNING - Client trying to break our code. Entered bad value, o tried to paste or copy in our program.
07/03/2023 19:03:58 - root - WARNING - Client trying to break our code. Entered bad value, o tried to paste or copy in our program.
07/03/2023 19:04:04 - root - INFO - Client enter <class 'int'>
07/03/2023 19:09:02 - root - WARNING - Client trying to break our code. Entered bad value, o tried to paste or copy in our program.
07/03/2023 19:09:13 - root - WARNING - Client trying to break our code. Entered bad value, o tried to paste or copy in our program.
07/03/2023 19:09:26 - root - INFO - Client enter <class 'int'>
07/03/2023 19:11:42 - root - INFO - Client enter <class 'int'>
07/03/2023 19:11:42 - root - INFO - Client entered value 11
07/03/2023 19:11:42 - root - INFO - Client entered value 11
07/03/2023 19:37:58 - root - INFO - Client enter <class 'int'>
07/03/2023 19:37:58 - root - INFO - Client entered value 11
07/03/2023 19:37:58 - root - INFO - Client entered value 11
07/03/2023 19:38:38 - root - INFO - Client enter <class 'int'>
07/03/2023 19:38:38 - root - INFO - Client entered value 12
07/03/2023 19:38:38 - root - INFO - Client entered value 12
07/03/2023 19:39:19 - root - INFO - Client enter <class 'int'>
07/03/2023 19:39:19 - root - INFO - Client entered value 10
07/03/2023 19:39:19 - root - INFO - Client entered value 10
07/03/2023 19:40:06 - root - INFO - Client enter <class 'int'>
07/03/2023 19:40:06 - root - INFO - Client entered value 11
07/03/2023 19:40:06 - root - INFO - Client entered value 11
07/03/2023 19:48:18 - root - INFO - Client enter <class 'int'>
07/03/2023 19:48:18 - root - INFO - Client entered value 14
07/03/2023 19:48:18 - root - INFO - Client entered value 14
07/03/2023 19:48:44 - root - INFO - Client enter <class 'int'>
07/03/2023 19:48:44 - root - INFO - Client entered value 8
07/03/2023 19:48:44 - root - INFO - Client entered value 8
07/03/2023 19:53:26 - root - INFO - Client enter <class 'int'>
07/03/2023 19:53:26 - root - INFO - Client entered value 10
07/03/2023 19:53:26 - root - INFO - Client entered value 10
07/03/2023 19:53:30 - root - WARNING - Client trying to break our code. Entered bad value, o tried to paste or copy in our program.
07/03/2023 19:53:31 - root - WARNING - Client trying to break our code. Entered bad value, o tried to paste or copy in our program.
07/03/2023 19:53:41 - root - WARNING - Client trying to break our code. Entered bad value, o tried to paste or copy in our program.
07/03/2023 19:53:46 - root - INFO - Client enter <class 'int'>
07/03/2023 19:53:46 - root - INFO - Client entered value 0
07/03/2023 19:53:46 - root - INFO - Client entered value 0
